Step: build-step-credential-initializer:

{"level":"warn","ts":1548614726.4805546,"logger":"fallback-logger","caller":"logging/config.go:65","msg":"Fetch GitHub commit ID from kodata failed: \"ref: refs/heads/test\" is not a valid GitHub commit ID"}
{"level":"info","ts":1548614726.4808795,"logger":"fallback-logger","caller":"creds-init/main.go:40","msg":"Credentials initialized."}
Step: build-step-git-source-0:

{"level":"warn","ts":1548614729.9290755,"logger":"fallback-logger","caller":"logging/config.go:65","msg":"Fetch GitHub commit ID from kodata failed: \"ref: refs/heads/test\" is not a valid GitHub commit ID"}
{"level":"info","ts":1548614730.9913306,"logger":"fallback-logger","caller":"git-init/main.go:92","msg":"Successfully cloned \"https://github.com/ahstn/jenkins-x-quickstart.git\" @ \"master\" in path \"/workspace\""}
Step: build-step-jenkins:

Picked up _JAVA_OPTIONS: -Xmx400m
Started
Running in Durability level: PERFORMANCE_OPTIMIZED
  16.713 [id=32]	WARNING	i.f.k.c.i.VersionUsageUtils#alert: The client is using resource type 'customresourcedefinitions' with unstable version 'v1beta1'
[Pipeline] node
Running on Jenkins in /tmp/jenkinsTests.tmp/jenkins1738094168953676353test/workspace/job
[Pipeline] {
[Pipeline] stage
[Pipeline] { (Declarative: Checkout SCM)
[Pipeline] checkout
[Pipeline] }
[Pipeline] // stage
[Pipeline] withCredentials
[Pipeline] {
[Pipeline] withEnv
[Pipeline] {
[Pipeline] stage
[Pipeline] { (CI Build and push snapshot)
Stage "CI Build and push snapshot" skipped due to when conditional
[Pipeline] }
[Pipeline] // stage
[Pipeline] stage
[Pipeline] { (Build Release)
[Pipeline] dir
Running in /home/jenkins/go/src/github.com/ahstn/jenkins-x-quickstart
[Pipeline] {
[Pipeline] git
Cloning the remote Git repository
Cloning repository https://github.com/ahstn/jenkins-x-quickstart.git
 > git init /home/jenkins/go/src/github.com/ahstn/jenkins-x-quickstart # timeout=10
Fetching upstream changes from https://github.com/ahstn/jenkins-x-quickstart.git
 > git --version # timeout=10
 > git fetch --tags --progress https://github.com/ahstn/jenkins-x-quickstart.git +refs/heads/*:refs/remotes/origin/*
 > git config remote.origin.url https://github.com/ahstn/jenkins-x-quickstart.git # timeout=10
 > git config --add remote.origin.fetch +refs/heads/*:refs/remotes/origin/* # timeout=10
 > git config remote.origin.url https://github.com/ahstn/jenkins-x-quickstart.git # timeout=10
Fetching upstream changes from https://github.com/ahstn/jenkins-x-quickstart.git
 > git fetch --tags --progress https://github.com/ahstn/jenkins-x-quickstart.git +refs/heads/*:refs/remotes/origin/*
 > git rev-parse refs/remotes/origin/master^{commit} # timeout=10
 > git rev-parse refs/remotes/origin/origin/master^{commit} # timeout=10
Checking out Revision 21d811608e9bf46db5090c23d6846c026c9ed4db (refs/remotes/origin/master)
 > git config core.sparsecheckout # timeout=10
 > git checkout -f 21d811608e9bf46db5090c23d6846c026c9ed4db
 > git branch -a -v --no-abbrev # timeout=10
 > git checkout -b master 21d811608e9bf46db5090c23d6846c026c9ed4db
Commit message: "Draft create"
First time build. Skipping changelog.
[Pipeline] sh
+ jx-release-version
+ echo 0.0.1
[Pipeline] sh
+ cat VERSION
+ jx step tag --version 0.0.1
Tag v0.0.1 created and pushed to remote origin
[Pipeline] sh
+ make build
CGO_ENABLED=0 GO15VENDOREXPERIMENT=1 go build -ldflags '' -o bin/jenkins-x-quickstart main.go
[Pipeline] sh
+ cat VERSION
+ export VERSION=0.0.1
+ skaffold build -f skaffold.yaml
time="2019-01-27T18:48:13Z" level=warning msg="config version (skaffold/v1beta2) out of date: upgrading to latest (skaffold/v1beta3)"
Starting build...
Building [changeme]...
Sending build context to Docker daemon  525.8kBSending build context to Docker daemon  6.502MB
Step 1/4 : FROM scratch
 ---> 
Step 2/4 : EXPOSE 8080
 ---> Running in 8c7762c7a39c
 ---> dc16eee276be
Step 3/4 : ENTRYPOINT /jenkins-x-quickstart
 ---> Running in ebdd59275e54
 ---> 401556a0a3fc
Step 4/4 : COPY ./bin/ /
 ---> 59db180d67df
Successfully built 59db180d67df
The push refers to a repository [10.31.255.100:5000/ahstn/jenkins-x-quickstart]
5068c951b845: Preparing
5068c951b845: Pushed
0.0.1: digest: sha256:0e7dd35f8871b1d12db779f27edcc9264272547ac3210d19a569ec1de72eb34c size: 528
Build complete in 1.468256328s
Starting test...
Test complete in 21.119µs
changeme -> 10.31.255.100:5000/ahstn/jenkins-x-quickstart:0.0.1
[Pipeline] sh
+ cat VERSION
+ jx step post build --image 10.31.255.100:5000/ahstn/jenkins-x-quickstart:0.0.1
[Pipeline] }
[Pipeline] // dir
[Pipeline] }
[Pipeline] // stage
[Pipeline] stage
[Pipeline] { (Promote to Environments)
[Pipeline] dir
Running in /home/jenkins/go/src/github.com/ahstn/jenkins-x-quickstart/charts/jenkins-x-quickstart
[Pipeline] {
[Pipeline] sh
+ cat ../../VERSION
+ jx step changelog --version v0.0.1
Using batch mode as inside a pipeline
Generating change log from git ref 21d811608e9bf46db5090c23d6846c026c9ed4db => 4caf70109601a25005736ec5a5e17883204487e9
Failed to enrich commits with issues: User.jenkins.io "" is invalid: metadata.name: Required value: name or generateName is required
Failed to enrich commits with issues: User.jenkins.io "" is invalid: metadata.name: Required value: name or generateName is required
Finding issues in commit messages using git format
No release found for ahstn/jenkins-x-quickstart and tag v0.0.1 so creating a new release
Updated the release information at https://github.com/ahstn/jenkins-x-quickstart/releases/tag/v0.0.1
generated: /home/jenkins/go/src/github.com/ahstn/jenkins-x-quickstart/charts/jenkins-x-quickstart/templates/release.yaml
Created Release jenkins-x-quickstart-0-0-1 resource in namespace jx
Updating PipelineActivity ahstn-jenkins-x-quickstart-master-1 with version 0.0.1
Updated PipelineActivities ahstn-jenkins-x-quickstart-master-1 with release notes URL: https://github.com/ahstn/jenkins-x-quickstart/releases/tag/v0.0.1
[Pipeline] sh
+ jx step helm release
No $CHART_REPOSITORY defined so using the default value of: http://jenkins-x-chartmuseum:8080
Adding missing Helm repo: jenkins-x http://chartmuseum.jenkins-x.io
Successfully added Helm repository jenkins-x.
Adding missing Helm repo: releases http://jenkins-x-chartmuseum:8080
Successfully added Helm repository releases.
No $CHART_REPOSITORY defined so using the default value of: http://jenkins-x-chartmuseum:8080
Uploading chart file jenkins-x-quickstart-0.0.1.tgz to http://jenkins-x-chartmuseum:8080/api/charts
Received 201 response: {"saved":true}
[Pipeline] sh
+ cat ../../VERSION
+ jx promote -b --all-auto --timeout 1h --version 0.0.1
prow based install so skip waiting for the merge of Pull Requests to go green as currently there is an issue with gettingstatuses from the PR, see https://github.com/jenkins-x/jx/issues/2410
Promoting app jenkins-x-quickstart version 0.0.1 to namespace jx-staging
Created Pull Request: https://github.com/ahstn/environment-driftertitanium-staging/pull/1

Failed to query the Pull Request last commit status for https://github.com/ahstn/environment-driftertitanium-staging/pull/1 ref 90167c4a6ecf7fb68b6a69995caf67063b8f0451 Could not find a status for repository ahstn/environment-driftertitanium-staging with ref 90167c4a6ecf7fb68b6a69995caf67063b8f0451
Pull Request https://github.com/ahstn/environment-driftertitanium-staging/pull/1 is merged at sha 85d72735f8bef5a6af4fdeeec7c880dae775557f
Pull Request merged but we are not waiting for the update pipeline to complete!
Could not find the service URL in namespace jx-staging for names jenkins-x-quickstart, jx-jenkins-x-quickstart, jx-staging-jenkins-x-quickstart
[Pipeline] }
[Pipeline] // dir
[Pipeline] }
[Pipeline] // stage
[Pipeline] }
[Pipeline] // withEnv
[Pipeline] }
[Pipeline] // withCredentials
[Pipeline] }
[Pipeline] // node
[Pipeline] End of Pipeline
Finished: SUCCESS
